<?xml version="1.0"?>
<testsuites>
  <testsuite name="PhantomJS 1.8 (Linux)" package="undefined" timestamp="2013-05-23T01:03:57" id="0" hostname="arch" tests="1" errors="0" failures="0" time="0.011">
    <properties>
      <property name="browser.fullName" value="Mozilla/5.0 (Unknown; Linux x86_64) AppleWebKit/534.34 (KHTML, like Gecko) PhantomJS/1.8.2 Safari/534.34"/>
    </properties>
    <testcase name="should work" time="0.011" classname="PhantomJS 1.8 (Linux).LoginController"/>
    <system-out><![CDATA[
]]></system-out>
    <system-err/>
  </testsuite>
</testsuites>
